[0222/202955.705:ERROR:process_memory_win.cc(73)] ReadMemory at 0x23c6a3034e0 of 72 bytes failed: Only part of a ReadProcessMemory or WriteProcessMemory request was completed. (0x12B)
[0222/202955.706:WARNING:pe_image_annotations_reader.cc(134)] could not read annotations list object in C:\Program Files (x86)\Google\Chrome\Application\79.0.3945.88\chrome_elf.dll
[0222/202955.708:ERROR:process_memory_win.cc(73)] ReadMemory at 0x7ff9d0af0000 of 64 bytes failed: Only part of a ReadProcessMemory or WriteProcessMemory request was completed. (0x12B)
[0222/202955.708:WARNING:pe_image_reader.cc(340)] could not read dos header from C:\Program Files (x86)\Google\Chrome\Application\79.0.3945.88\chrome_child.dll
[0222/202955.708:ERROR:process_memory_win.cc(73)] ReadMemory at 0x7ff9d0af0000 of 64 bytes failed: Only part of a ReadProcessMemory or WriteProcessMemory request was completed. (0x12B)
[0222/202955.708:WARNING:pe_image_reader.cc(340)] could not read dos header from C:\Program Files (x86)\Google\Chrome\Application\79.0.3945.88\chrome_child.dll
[0222/202955.748:ERROR:process_memory_win.cc(73)] ReadMemory at 0x7ff6dd7c0000 of 64 bytes failed: Only part of a ReadProcessMemory or WriteProcessMemory request was completed. (0x12B)
[0222/202955.748:WARNING:pe_image_reader.cc(340)] could not read dos header from C:\Program Files (x86)\Google\Chrome\Application\chrome.exe
[0222/202955.748:ERROR:process_memory_win.cc(73)] ReadMemory at 0x7ffa1e080000 of 64 bytes failed: Only part of a ReadProcessMemory or WriteProcessMemory request was completed. (0x12B)
[0222/202955.749:WARNING:pe_image_reader.cc(340)] could not read dos header from C:\Windows\SYSTEM32\ntdll.dll
[0222/202955.749:ERROR:process_memory_win.cc(73)] ReadMemory at 0x7ffa1dde0000 of 64 bytes failed: Only part of a ReadProcessMemory or WriteProcessMemory request was completed. (0x12B)
[0222/202955.749:WARNING:pe_image_reader.cc(340)] could not read dos header from C:\Windows\System32\KERNEL32.DLL
[0222/202955.749:ERROR:process_memory_win.cc(73)] ReadMemory at 0x7ffa1b160000 of 64 bytes failed: Only part of a ReadProcessMemory or WriteProcessMemory request was completed. (0x12B)
[0222/202955.749:WARNING:pe_image_reader.cc(340)] could not read dos header from C:\Windows\System32\KERNELBASE.dll
[0222/202955.749:ERROR:process_memory_win.cc(73)] ReadMemory at 0x7ff9dae90000 of 64 bytes failed: Only part of a ReadProcessMemory or WriteProcessMemory request was completed. (0x12B)
[0222/202955.749:WARNING:pe_image_reader.cc(340)] could not read dos header from C:\Program Files (x86)\Google\Chrome\Application\79.0.3945.88\chrome_elf.dll
[0222/202955.749:ERROR:process_memory_win.cc(73)] ReadMemory at 0x7ffa15d60000 of 64 bytes failed: Only part of a ReadProcessMemory or WriteProcessMemory request was completed. (0x12B)
[0222/202955.749:WARNING:pe_image_reader.cc(340)] could not read dos header from C:\Windows\SYSTEM32\VERSION.dll
[0222/202955.749:ERROR:process_memory_win.cc(73)] ReadMemory at 0x7ffa1c950000 of 64 bytes failed: Only part of a ReadProcessMemory or WriteProcessMemory request was completed. (0x12B)
[0222/202955.749:WARNING:pe_image_reader.cc(340)] could not read dos header from C:\Windows\System32\msvcrt.dll
[0222/202955.749:ERROR:process_memory_win.cc(73)] ReadMemory at 0x7ffa1b700000 of 64 bytes failed: Only part of a ReadProcessMemory or WriteProcessMemory request was completed. (0x12B)
[0222/202955.749:WARNING:pe_image_reader.cc(340)] could not read dos header from C:\Windows\System32\bcryptPrimitives.dll
[0222/202955.749:ERROR:process_memory_win.cc(73)] ReadMemory at 0x7ffa1c8a0000 of 64 bytes failed: Only part of a ReadProcessMemory or WriteProcessMemory request was completed. (0x12B)
[0222/202955.749:WARNING:pe_image_reader.cc(340)] could not read dos header from C:\Windows\System32\ADVAPI32.dll
[0222/202955.749:ERROR:process_memory_win.cc(73)] ReadMemory at 0x7ffa1c280000 of 64 bytes failed: Only part of a ReadProcessMemory or WriteProcessMemory request was completed. (0x12B)
[0222/202955.749:WARNING:pe_image_reader.cc(340)] could not read dos header from C:\Windows\System32\sechost.dll
[0222/202955.749:ERROR:process_memory_win.cc(73)] ReadMemory at 0x7ffa1c490000 of 64 bytes failed: Only part of a ReadProcessMemory or WriteProcessMemory request was completed. (0x12B)
[0222/202955.749:WARNING:pe_image_reader.cc(340)] could not read dos header from C:\Windows\System32\RPCRT4.dll
[0222/202955.749:ERROR:process_memory_win.cc(73)] ReadMemory at 0x7ff9d0af0000 of 64 bytes failed: Only part of a ReadProcessMemory or WriteProcessMemory request was completed. (0x12B)
[0222/202955.749:WARNING:pe_image_reader.cc(340)] could not read dos header from C:\Program Files (x86)\Google\Chrome\Application\79.0.3945.88\chrome_child.dll
[0222/202955.749:ERROR:process_memory_win.cc(73)] ReadMemory at 0x7ffa1c7d0000 of 64 bytes failed: Only part of a ReadProcessMemory or WriteProcessMemory request was completed. (0x12B)
[0222/202955.749:WARNING:pe_image_reader.cc(340)] could not read dos header from C:\Windows\System32\OLEAUT32.dll
[0222/202955.749:ERROR:process_memory_win.cc(73)] ReadMemory at 0x7ffa1b010000 of 64 bytes failed: Only part of a ReadProcessMemory or WriteProcessMemory request was completed. (0x12B)
[0222/202955.749:WARNING:pe_image_reader.cc(340)] could not read dos header from C:\Windows\System32\msvcp_win.dll
[0222/202955.749:ERROR:process_memory_win.cc(73)] ReadMemory at 0x7ffa1c030000 of 64 bytes failed: Only part of a ReadProcessMemory or WriteProcessMemory request was completed. (0x12B)
[0222/202955.749:WARNING:pe_image_reader.cc(340)] could not read dos header from C:\Windows\System32\ucrtbase.dll
[0222/202955.749:ERROR:process_memory_win.cc(73)] ReadMemory at 0x7ffa1d1c0000 of 64 bytes failed: Only part of a ReadProcessMemory or WriteProcessMemory request was completed. (0x12B)
[0222/202955.750:WARNING:pe_image_reader.cc(340)] could not read dos header from C:\Windows\System32\combase.dll
[0222/202955.750:ERROR:process_memory_win.cc(73)] ReadMemory at 0x7ffa1d880000 of 64 bytes failed: Only part of a ReadProcessMemory or WriteProcessMemory request was completed. (0x12B)
[0222/202955.750:WARNING:pe_image_reader.cc(340)] could not read dos header from C:\Windows\System32\WS2_32.dll
[0222/202955.750:ERROR:process_memory_win.cc(73)] ReadMemory at 0x7ffa1b0b0000 of 64 bytes failed: Only part of a ReadProcessMemory or WriteProcessMemory request was completed. (0x12B)
[0222/202955.750:WARNING:pe_image_reader.cc(340)] could not read dos header from C:\Windows\System32\WINTRUST.dll
[0222/202955.750:ERROR:process_memory_win.cc(73)] ReadMemory at 0x7ffa1af60000 of 64 bytes failed: Only part of a ReadProcessMemory or WriteProcessMemory request was completed. (0x12B)
[0222/202955.750:WARNING:pe_image_reader.cc(340)] could not read dos header from C:\Windows\System32\MSASN1.dll
[0222/202955.750:ERROR:process_memory_win.cc(73)] ReadMemory at 0x7ffa1b410000 of 64 bytes failed: Only part of a ReadProcessMemory or WriteProcessMemory request was completed. (0x12B)
[0222/202955.750:WARNING:pe_image_reader.cc(340)] could not read dos header from C:\Windows\System32\CRYPT32.dll
[0222/202955.750:ERROR:process_memory_win.cc(73)] ReadMemory at 0x7ffa1a4d0000 of 64 bytes failed: Only part of a ReadProcessMemory or WriteProcessMemory request was completed. (0x12B)
[0222/202955.750:WARNING:pe_image_reader.cc(340)] could not read dos header from C:\Windows\SYSTEM32\IPHLPAPI.DLL
[0222/202955.750:ERROR:process_memory_win.cc(73)] ReadMemory at 0x7ffa177e0000 of 64 bytes failed: Only part of a ReadProcessMemory or WriteProcessMemory request was completed. (0x12B)
[0222/202955.750:WARNING:pe_image_reader.cc(340)] could not read dos header from C:\Windows\SYSTEM32\WINMM.dll
[0222/202955.750:ERROR:process_memory_win.cc(73)] ReadMemory at 0x7ffa1ae40000 of 64 bytes failed: Only part of a ReadProcessMemory or WriteProcessMemory request was completed. (0x12B)
[0222/202955.750:WARNING:pe_image_reader.cc(340)] could not read dos header from C:\Windows\SYSTEM32\USERENV.dll
[0222/202955.750:ERROR:process_memory_win.cc(73)] ReadMemory at 0x7ffa1af80000 of 64 bytes failed: Only part of a ReadProcessMemory or WriteProcessMemory request was completed. (0x12B)
[0222/202955.750:WARNING:pe_image_reader.cc(340)] could not read dos header from C:\Windows\System32\profapi.dll
[0222/202955.750:ERROR:process_memory_win.cc(73)] ReadMemory at 0x7ffa0a810000 of 64 bytes failed: Only part of a ReadProcessMemory or WriteProcessMemory request was completed. (0x12B)
[0222/202955.750:WARNING:pe_image_reader.cc(340)] could not read dos header from C:\Windows\SYSTEM32\DWrite.dll
[0222/202955.750:ERROR:process_memory_win.cc(73)] ReadMemory at 0x7ffa0b140000 of 64 bytes failed: Only part of a ReadProcessMemory or WriteProcessMemory request was completed. (0x12B)
[0222/202955.750:WARNING:pe_image_reader.cc(340)] could not read dos header from C:\Windows\SYSTEM32\WINSPOOL.DRV
[0222/202955.750:ERROR:process_memory_win.cc(73)] ReadMemory at 0x7ffa1aff0000 of 64 bytes failed: Only part of a ReadProcessMemory or WriteProcessMemory request was completed. (0x12B)
[0222/202955.750:WARNING:pe_image_reader.cc(340)] could not read dos header from C:\Windows\System32\kernel.appcore.dll
[0222/202955.750:ERROR:process_memory_win.cc(73)] ReadMemory at 0x7ffa1bfe0000 of 64 bytes failed: Only part of a ReadProcessMemory or WriteProcessMemory request was completed. (0x12B)
[0222/202955.750:WARNING:pe_image_reader.cc(340)] could not read dos header from C:\Windows\System32\bcrypt.dll
[0222/202955.750:ERROR:process_memory_win.cc(73)] ReadMemory at 0x7ffa06270000 of 64 bytes failed: Only part of a ReadProcessMemory or WriteProcessMemory request was completed. (0x12B)
[0222/202955.750:WARNING:pe_image_reader.cc(340)] could not read dos header from C:\Windows\SYSTEM32\dbghelp.dll
[0222/202955.750:ERROR:process_memory_win.cc(73)] ReadMemory at 0x7ffa093a0000 of 64 bytes failed: Only part of a ReadProcessMemory or WriteProcessMemory request was completed. (0x12B)
[0222/202955.750:WARNING:pe_image_reader.cc(340)] could not read dos header from C:\Windows\SYSTEM32\Secur32.dll
[0222/202955.751:ERROR:process_memory_win.cc(73)] ReadMemory at 0x7ffa0e670000 of 64 bytes failed: Only part of a ReadProcessMemory or WriteProcessMemory request was completed. (0x12B)
[0222/202955.751:WARNING:pe_image_reader.cc(340)] could not read dos header from C:\Windows\SYSTEM32\WINHTTP.dll
[0222/202955.751:ERROR:process_memory_win.cc(73)] ReadMemory at 0x7ffa0b1e0000 of 64 bytes failed: Only part of a ReadProcessMemory or WriteProcessMemory request was completed. (0x12B)
[0222/202955.751:WARNING:pe_image_reader.cc(340)] could not read dos header from C:\Windows\SYSTEM32\dhcpcsvc.DLL
[0222/202955.751:ERROR:process_memory_win.cc(73)] ReadMemory at 0x7ffa1c7b0000 of 64 bytes failed: Only part of a ReadProcessMemory or WriteProcessMemory request was completed. (0x12B)
[0222/202955.751:WARNING:pe_image_reader.cc(340)] could not read dos header from C:\Windows\System32\NSI.dll
[0222/202955.751:ERROR:process_memory_win.cc(73)] ReadMemory at 0x7ffa17790000 of 64 bytes failed: Only part of a ReadProcessMemory or WriteProcessMemory request was completed. (0x12B)
[0222/202955.751:WARNING:pe_image_reader.cc(340)] could not read dos header from C:\Windows\SYSTEM32\WINMMBASE.dll
[0222/202955.751:ERROR:process_memory_win.cc(73)] ReadMemory at 0x7ffa1b110000 of 64 bytes failed: Only part of a ReadProcessMemory or WriteProcessMemory request was completed. (0x12B)
[0222/202955.751:WARNING:pe_image_reader.cc(340)] could not read dos header from C:\Windows\System32\cfgmgr32.dll
[0222/202955.751:ERROR:process_memory_win.cc(73)] ReadMemory at 0x7ffa17050000 of 64 bytes failed: Only part of a ReadProcessMemory or WriteProcessMemory request was completed. (0x12B)
[0222/202955.751:WARNING:pe_image_reader.cc(340)] could not read dos header from C:\Windows\SYSTEM32\PROPSYS.dll
[0222/202955.751:ERROR:process_memory_win.cc(73)] ReadMemory at 0x7ffa1d7d0000 of 64 bytes failed: Only part of a ReadProcessMemory or WriteProcessMemory request was completed. (0x12B)
[0222/202955.751:WARNING:pe_image_reader.cc(340)] could not read dos header from C:\Windows\System32\shcore.dll
[0222/202955.751:ERROR:process_memory_win.cc(73)] ReadMemory at 0x7ffa1ae70000 of 64 bytes failed: Only part of a ReadProcessMemory or WriteProcessMemory request was completed. (0x12B)
[0222/202955.751:WARNING:pe_image_reader.cc(340)] could not read dos header from C:\Windows\SYSTEM32\SSPICLI.DLL
[0222/202955.751:ERROR:process_memory_win.cc(73)] ReadMemory at 0x7ffa1a990000 of 64 bytes failed: Only part of a ReadProcessMemory or WriteProcessMemory request was completed. (0x12B)
[0222/202955.751:WARNING:pe_image_reader.cc(340)] could not read dos header from C:\Windows\SYSTEM32\CRYPTBASE.DLL
[0222/202955.751:ERROR:process_memory_win.cc(73)] ReadMemory at 0x7ff6dd7c0000 of 64 bytes failed: Only part of a ReadProcessMemory or WriteProcessMemory request was completed. (0x12B)
[0222/202955.752:WARNING:pe_image_reader.cc(340)] could not read dos header from C:\Program Files (x86)\Google\Chrome\Application\chrome.exe
[0222/202955.752:ERROR:process_memory_win.cc(73)] ReadMemory at 0x7ffa1e080000 of 64 bytes failed: Only part of a ReadProcessMemory or WriteProcessMemory request was completed. (0x12B)
[0222/202955.752:WARNING:pe_image_reader.cc(340)] could not read dos header from C:\Windows\SYSTEM32\ntdll.dll
[0222/202955.752:ERROR:process_memory_win.cc(73)] ReadMemory at 0x7ffa1dde0000 of 64 bytes failed: Only part of a ReadProcessMemory or WriteProcessMemory request was completed. (0x12B)
[0222/202955.752:WARNING:pe_image_reader.cc(340)] could not read dos header from C:\Windows\System32\KERNEL32.DLL
[0222/202955.752:ERROR:process_memory_win.cc(73)] ReadMemory at 0x7ffa1b160000 of 64 bytes failed: Only part of a ReadProcessMemory or WriteProcessMemory request was completed. (0x12B)
[0222/202955.752:WARNING:pe_image_reader.cc(340)] could not read dos header from C:\Windows\System32\KERNELBASE.dll
[0222/202955.752:ERROR:process_memory_win.cc(73)] ReadMemory at 0x7ff9dae90000 of 64 bytes failed: Only part of a ReadProcessMemory or WriteProcessMemory request was completed. (0x12B)
[0222/202955.752:WARNING:pe_image_reader.cc(340)] could not read dos header from C:\Program Files (x86)\Google\Chrome\Application\79.0.3945.88\chrome_elf.dll
[0222/202955.752:ERROR:process_memory_win.cc(73)] ReadMemory at 0x7ffa15d60000 of 64 bytes failed: Only part of a ReadProcessMemory or WriteProcessMemory request was completed. (0x12B)
[0222/202955.752:WARNING:pe_image_reader.cc(340)] could not read dos header from C:\Windows\SYSTEM32\VERSION.dll
[0222/202955.752:ERROR:process_memory_win.cc(73)] ReadMemory at 0x7ffa1c950000 of 64 bytes failed: Only part of a ReadProcessMemory or WriteProcessMemory request was completed. (0x12B)
[0222/202955.752:WARNING:pe_image_reader.cc(340)] could not read dos header from C:\Windows\System32\msvcrt.dll
[0222/202955.752:ERROR:process_memory_win.cc(73)] ReadMemory at 0x7ffa1b700000 of 64 bytes failed: Only part of a ReadProcessMemory or WriteProcessMemory request was completed. (0x12B)
[0222/202955.752:WARNING:pe_image_reader.cc(340)] could not read dos header from C:\Windows\System32\bcryptPrimitives.dll
[0222/202955.752:ERROR:process_memory_win.cc(73)] ReadMemory at 0x7ffa1c8a0000 of 64 bytes failed: Only part of a ReadProcessMemory or WriteProcessMemory request was completed. (0x12B)
[0222/202955.752:WARNING:pe_image_reader.cc(340)] could not read dos header from C:\Windows\System32\ADVAPI32.dll
[0222/202955.752:ERROR:process_memory_win.cc(73)] ReadMemory at 0x7ffa1c280000 of 64 bytes failed: Only part of a ReadProcessMemory or WriteProcessMemory request was completed. (0x12B)
[0222/202955.752:WARNING:pe_image_reader.cc(340)] could not read dos header from C:\Windows\System32\sechost.dll
[0222/202955.753:ERROR:process_memory_win.cc(73)] ReadMemory at 0x7ffa1c490000 of 64 bytes failed: Only part of a ReadProcessMemory or WriteProcessMemory request was completed. (0x12B)
[0222/202955.753:WARNING:pe_image_reader.cc(340)] could not read dos header from C:\Windows\System32\RPCRT4.dll
[0222/202955.753:ERROR:process_memory_win.cc(73)] ReadMemory at 0x7ff9d0af0000 of 64 bytes failed: Only part of a ReadProcessMemory or WriteProcessMemory request was completed. (0x12B)
[0222/202955.753:WARNING:pe_image_reader.cc(340)] could not read dos header from C:\Program Files (x86)\Google\Chrome\Application\79.0.3945.88\chrome_child.dll
[0222/202955.753:ERROR:process_memory_win.cc(73)] ReadMemory at 0x7ffa1c7d0000 of 64 bytes failed: Only part of a ReadProcessMemory or WriteProcessMemory request was completed. (0x12B)
[0222/202955.753:WARNING:pe_image_reader.cc(340)] could not read dos header from C:\Windows\System32\OLEAUT32.dll
[0222/202955.753:ERROR:process_memory_win.cc(73)] ReadMemory at 0x7ffa1b010000 of 64 bytes failed: Only part of a ReadProcessMemory or WriteProcessMemory request was completed. (0x12B)
[0222/202955.753:WARNING:pe_image_reader.cc(340)] could not read dos header from C:\Windows\System32\msvcp_win.dll
[0222/202955.753:ERROR:process_memory_win.cc(73)] ReadMemory at 0x7ffa1c030000 of 64 bytes failed: Only part of a ReadProcessMemory or WriteProcessMemory request was completed. (0x12B)
[0222/202955.753:WARNING:pe_image_reader.cc(340)] could not read dos header from C:\Windows\System32\ucrtbase.dll
[0222/202955.753:ERROR:process_memory_win.cc(73)] ReadMemory at 0x7ffa1d1c0000 of 64 bytes failed: Only part of a ReadProcessMemory or WriteProcessMemory request was completed. (0x12B)
[0222/202955.753:WARNING:pe_image_reader.cc(340)] could not read dos header from C:\Windows\System32\combase.dll
[0222/202955.753:ERROR:process_memory_win.cc(73)] ReadMemory at 0x7ffa1d880000 of 64 bytes failed: Only part of a ReadProcessMemory or WriteProcessMemory request was completed. (0x12B)
[0222/202955.753:WARNING:pe_image_reader.cc(340)] could not read dos header from C:\Windows\System32\WS2_32.dll
[0222/202955.753:ERROR:process_memory_win.cc(73)] ReadMemory at 0x7ffa1b0b0000 of 64 bytes failed: Only part of a ReadProcessMemory or WriteProcessMemory request was completed. (0x12B)
[0222/202955.753:WARNING:pe_image_reader.cc(340)] could not read dos header from C:\Windows\System32\WINTRUST.dll
[0222/202955.753:ERROR:process_memory_win.cc(73)] ReadMemory at 0x7ffa1af60000 of 64 bytes failed: Only part of a ReadProcessMemory or WriteProcessMemory request was completed. (0x12B)
[0222/202955.753:WARNING:pe_image_reader.cc(340)] could not read dos header from C:\Windows\System32\MSASN1.dll
[0222/202955.753:ERROR:process_memory_win.cc(73)] ReadMemory at 0x7ffa1b410000 of 64 bytes failed: Only part of a ReadProcessMemory or WriteProcessMemory request was completed. (0x12B)
[0222/202955.753:WARNING:pe_image_reader.cc(340)] could not read dos header from C:\Windows\System32\CRYPT32.dll
[0222/202955.753:ERROR:process_memory_win.cc(73)] ReadMemory at 0x7ffa1a4d0000 of 64 bytes failed: Only part of a ReadProcessMemory or WriteProcessMemory request was completed. (0x12B)
[0222/202955.753:WARNING:pe_image_reader.cc(340)] could not read dos header from C:\Windows\SYSTEM32\IPHLPAPI.DLL
[0222/202955.753:ERROR:process_memory_win.cc(73)] ReadMemory at 0x7ffa177e0000 of 64 bytes failed: Only part of a ReadProcessMemory or WriteProcessMemory request was completed. (0x12B)
[0222/202955.753:WARNING:pe_image_reader.cc(340)] could not read dos header from C:\Windows\SYSTEM32\WINMM.dll
[0222/202955.753:ERROR:process_memory_win.cc(73)] ReadMemory at 0x7ffa1ae40000 of 64 bytes failed: Only part of a ReadProcessMemory or WriteProcessMemory request was completed. (0x12B)
[0222/202955.754:WARNING:pe_image_reader.cc(340)] could not read dos header from C:\Windows\SYSTEM32\USERENV.dll
[0222/202955.754:ERROR:process_memory_win.cc(73)] ReadMemory at 0x7ffa1af80000 of 64 bytes failed: Only part of a ReadProcessMemory or WriteProcessMemory request was completed. (0x12B)
[0222/202955.754:WARNING:pe_image_reader.cc(340)] could not read dos header from C:\Windows\System32\profapi.dll
[0222/202955.754:ERROR:process_memory_win.cc(73)] ReadMemory at 0x7ffa0a810000 of 64 bytes failed: Only part of a ReadProcessMemory or WriteProcessMemory request was completed. (0x12B)
[0222/202955.754:WARNING:pe_image_reader.cc(340)] could not read dos header from C:\Windows\SYSTEM32\DWrite.dll
[0222/202955.754:ERROR:process_memory_win.cc(73)] ReadMemory at 0x7ffa0b140000 of 64 bytes failed: Only part of a ReadProcessMemory or WriteProcessMemory request was completed. (0x12B)
[0222/202955.754:WARNING:pe_image_reader.cc(340)] could not read dos header from C:\Windows\SYSTEM32\WINSPOOL.DRV
[0222/202955.754:ERROR:process_memory_win.cc(73)] ReadMemory at 0x7ffa1aff0000 of 64 bytes failed: Only part of a ReadProcessMemory or WriteProcessMemory request was completed. (0x12B)
[0222/202955.754:WARNING:pe_image_reader.cc(340)] could not read dos header from C:\Windows\System32\kernel.appcore.dll
[0222/202955.754:ERROR:process_memory_win.cc(73)] ReadMemory at 0x7ffa1bfe0000 of 64 bytes failed: Only part of a ReadProcessMemory or WriteProcessMemory request was completed. (0x12B)
[0222/202955.754:WARNING:pe_image_reader.cc(340)] could not read dos header from C:\Windows\System32\bcrypt.dll
[0222/202955.754:ERROR:process_memory_win.cc(73)] ReadMemory at 0x7ffa06270000 of 64 bytes failed: Only part of a ReadProcessMemory or WriteProcessMemory request was completed. (0x12B)
[0222/202955.754:WARNING:pe_image_reader.cc(340)] could not read dos header from C:\Windows\SYSTEM32\dbghelp.dll
[0222/202955.754:ERROR:process_memory_win.cc(73)] ReadMemory at 0x7ffa093a0000 of 64 bytes failed: Only part of a ReadProcessMemory or WriteProcessMemory request was completed. (0x12B)
[0222/202955.754:WARNING:pe_image_reader.cc(340)] could not read dos header from C:\Windows\SYSTEM32\Secur32.dll
[0222/202955.754:ERROR:process_memory_win.cc(73)] ReadMemory at 0x7ffa0e670000 of 64 bytes failed: Only part of a ReadProcessMemory or WriteProcessMemory request was completed. (0x12B)
[0222/202955.754:WARNING:pe_image_reader.cc(340)] could not read dos header from C:\Windows\SYSTEM32\WINHTTP.dll
[0222/202955.754:ERROR:process_memory_win.cc(73)] ReadMemory at 0x7ffa0b1e0000 of 64 bytes failed: Only part of a ReadProcessMemory or WriteProcessMemory request was completed. (0x12B)
[0222/202955.754:WARNING:pe_image_reader.cc(340)] could not read dos header from C:\Windows\SYSTEM32\dhcpcsvc.DLL
[0222/202955.754:ERROR:process_memory_win.cc(73)] ReadMemory at 0x7ffa1c7b0000 of 64 bytes failed: Only part of a ReadProcessMemory or WriteProcessMemory request was completed. (0x12B)
[0222/202955.754:WARNING:pe_image_reader.cc(340)] could not read dos header from C:\Windows\System32\NSI.dll
[0222/202955.754:ERROR:process_memory_win.cc(73)] ReadMemory at 0x7ffa17790000 of 64 bytes failed: Only part of a ReadProcessMemory or WriteProcessMemory request was completed. (0x12B)
[0222/202955.754:WARNING:pe_image_reader.cc(340)] could not read dos header from C:\Windows\SYSTEM32\WINMMBASE.dll
[0222/202955.754:ERROR:process_memory_win.cc(73)] ReadMemory at 0x7ffa1b110000 of 64 bytes failed: Only part of a ReadProcessMemory or WriteProcessMemory request was completed. (0x12B)
[0222/202955.754:WARNING:pe_image_reader.cc(340)] could not read dos header from C:\Windows\System32\cfgmgr32.dll
[0222/202955.754:ERROR:process_memory_win.cc(73)] ReadMemory at 0x7ffa17050000 of 64 bytes failed: Only part of a ReadProcessMemory or WriteProcessMemory request was completed. (0x12B)
[0222/202955.755:WARNING:pe_image_reader.cc(340)] could not read dos header from C:\Windows\SYSTEM32\PROPSYS.dll
[0222/202955.755:ERROR:process_memory_win.cc(73)] ReadMemory at 0x7ffa1d7d0000 of 64 bytes failed: Only part of a ReadProcessMemory or WriteProcessMemory request was completed. (0x12B)
[0222/202955.755:WARNING:pe_image_reader.cc(340)] could not read dos header from C:\Windows\System32\shcore.dll
[0222/202955.755:ERROR:process_memory_win.cc(73)] ReadMemory at 0x7ffa1ae70000 of 64 bytes failed: Only part of a ReadProcessMemory or WriteProcessMemory request was completed. (0x12B)
[0222/202955.755:WARNING:pe_image_reader.cc(340)] could not read dos header from C:\Windows\SYSTEM32\SSPICLI.DLL
[0222/202955.755:ERROR:process_memory_win.cc(73)] ReadMemory at 0x7ffa1a990000 of 64 bytes failed: Only part of a ReadProcessMemory or WriteProcessMemory request was completed. (0x12B)
[0222/202955.755:WARNING:pe_image_reader.cc(340)] could not read dos header from C:\Windows\SYSTEM32\CRYPTBASE.DLL
[0222/202955.763:ERROR:process_memory_win.cc(73)] ReadMemory at 0x51221f9000 of 28672 bytes failed: Only part of a ReadProcessMemory or WriteProcessMemory request was completed. (0x12B)
[0222/202955.763:ERROR:process_memory_win.cc(73)] ReadMemory at 0x51229fd000 of 12288 bytes failed: Only part of a ReadProcessMemory or WriteProcessMemory request was completed. (0x12B)
[0222/202955.763:ERROR:process_memory_win.cc(73)] ReadMemory at 0x51231fd000 of 12288 bytes failed: Only part of a ReadProcessMemory or WriteProcessMemory request was completed. (0x12B)
[0222/202955.764:ERROR:process_memory_win.cc(73)] ReadMemory at 0x51239fc000 of 16384 bytes failed: Only part of a ReadProcessMemory or WriteProcessMemory request was completed. (0x12B)
[0222/202955.764:ERROR:process_memory_win.cc(73)] ReadMemory at 0x51241fc000 of 16384 bytes failed: Only part of a ReadProcessMemory or WriteProcessMemory request was completed. (0x12B)
[0222/202955.764:ERROR:process_memory_win.cc(73)] ReadMemory at 0x51249ff000 of 4096 bytes failed: Only part of a ReadProcessMemory or WriteProcessMemory request was completed. (0x12B)
[0222/202955.764:ERROR:process_memory_win.cc(73)] ReadMemory at 0x51251fd000 of 12288 bytes failed: Only part of a ReadProcessMemory or WriteProcessMemory request was completed. (0x12B)
[0222/202955.764:ERROR:process_memory_win.cc(73)] ReadMemory at 0x51259fd000 of 12288 bytes failed: Only part of a ReadProcessMemory or WriteProcessMemory request was completed. (0x12B)
[0222/202955.764:ERROR:process_memory_win.cc(73)] ReadMemory at 0x51261fd000 of 12288 bytes failed: Only part of a ReadProcessMemory or WriteProcessMemory request was completed. (0x12B)
[0222/202955.765:ERROR:process_memory_win.cc(73)] ReadMemory at 0x51269fd000 of 12288 bytes failed: Only part of a ReadProcessMemory or WriteProcessMemory request was completed. (0x12B)
[0222/202955.765:ERROR:process_memory_win.cc(73)] ReadMemory at 0x51271fd000 of 12288 bytes failed: Only part of a ReadProcessMemory or WriteProcessMemory request was completed. (0x12B)
[0222/202955.765:ERROR:process_memory_win.cc(73)] ReadMemory at 0x51279fd000 of 12288 bytes failed: Only part of a ReadProcessMemory or WriteProcessMemory request was completed. (0x12B)
[0222/202955.765:ERROR:process_memory_win.cc(73)] ReadMemory at 0x51281fd000 of 12288 bytes failed: Only part of a ReadProcessMemory or WriteProcessMemory request was completed. (0x12B)
[0222/202955.765:ERROR:process_memory_win.cc(73)] ReadMemory at 0x51289fd000 of 12288 bytes failed: Only part of a ReadProcessMemory or WriteProcessMemory request was completed. (0x12B)
[0222/202955.765:ERROR:process_memory_win.cc(73)] ReadMemory at 0x51291fd000 of 12288 bytes failed: Only part of a ReadProcessMemory or WriteProcessMemory request was completed. (0x12B)
[0222/202955.765:ERROR:process_memory_win.cc(73)] ReadMemory at 0x51299fd000 of 12288 bytes failed: Only part of a ReadProcessMemory or WriteProcessMemory request was completed. (0x12B)
[0222/202955.765:ERROR:process_memory_win.cc(73)] ReadMemory at 0x5121938000 of 852 bytes failed: Only part of a ReadProcessMemory or WriteProcessMemory request was completed. (0x12B)
[0222/202955.765:ERROR:process_memory_win.cc(73)] ReadMemory at 0x5121939000 of 6024 bytes failed: Only part of a ReadProcessMemory or WriteProcessMemory request was completed. (0x12B)
[0222/202955.765:ERROR:process_memory_win.cc(73)] ReadMemory at 0x512193b000 of 6024 bytes failed: Only part of a ReadProcessMemory or WriteProcessMemory request was completed. (0x12B)
[0222/202955.766:ERROR:process_memory_win.cc(73)] ReadMemory at 0x512193d000 of 6024 bytes failed: Only part of a ReadProcessMemory or WriteProcessMemory request was completed. (0x12B)
[0222/202955.766:ERROR:process_memory_win.cc(73)] ReadMemory at 0x512193f000 of 6024 bytes failed: Only part of a ReadProcessMemory or WriteProcessMemory request was completed. (0x12B)
[0222/202955.766:ERROR:process_memory_win.cc(73)] ReadMemory at 0x5121941000 of 6024 bytes failed: Only part of a ReadProcessMemory or WriteProcessMemory request was completed. (0x12B)
[0222/202955.766:ERROR:process_memory_win.cc(73)] ReadMemory at 0x5121943000 of 6024 bytes failed: Only part of a ReadProcessMemory or WriteProcessMemory request was completed. (0x12B)
[0222/202955.766:ERROR:process_memory_win.cc(73)] ReadMemory at 0x5121945000 of 6024 bytes failed: Only part of a ReadProcessMemory or WriteProcessMemory request was completed. (0x12B)
[0222/202955.766:ERROR:process_memory_win.cc(73)] ReadMemory at 0x5121947000 of 6024 bytes failed: Only part of a ReadProcessMemory or WriteProcessMemory request was completed. (0x12B)
[0222/202955.766:ERROR:process_memory_win.cc(73)] ReadMemory at 0x5121949000 of 6024 bytes failed: Only part of a ReadProcessMemory or WriteProcessMemory request was completed. (0x12B)
[0222/202955.766:ERROR:process_memory_win.cc(73)] ReadMemory at 0x512194b000 of 6024 bytes failed: Only part of a ReadProcessMemory or WriteProcessMemory request was completed. (0x12B)
[0222/202955.766:ERROR:process_memory_win.cc(73)] ReadMemory at 0x512194d000 of 6024 bytes failed: Only part of a ReadProcessMemory or WriteProcessMemory request was completed. (0x12B)
[0222/202955.766:ERROR:process_memory_win.cc(73)] ReadMemory at 0x512194f000 of 6024 bytes failed: Only part of a ReadProcessMemory or WriteProcessMemory request was completed. (0x12B)
[0222/202955.766:ERROR:process_memory_win.cc(73)] ReadMemory at 0x5121951000 of 6024 bytes failed: Only part of a ReadProcessMemory or WriteProcessMemory request was completed. (0x12B)
[0222/202955.766:ERROR:process_memory_win.cc(73)] ReadMemory at 0x5121953000 of 6024 bytes failed: Only part of a ReadProcessMemory or WriteProcessMemory request was completed. (0x12B)
[0222/202955.766:ERROR:process_memory_win.cc(73)] ReadMemory at 0x5121955000 of 6024 bytes failed: Only part of a ReadProcessMemory or WriteProcessMemory request was completed. (0x12B)
[0222/202955.767:ERROR:process_memory_win.cc(73)] ReadMemory at 0x5121957000 of 6024 bytes failed: Only part of a ReadProcessMemory or WriteProcessMemory request was completed. (0x12B)
[0222/202955.767:ERROR:process_memory_win.cc(73)] ReadMemory at 0x23c6a360fe0 of 4564 bytes failed: Only part of a ReadProcessMemory or WriteProcessMemory request was completed. (0x12B)
[0222/202955.767:ERROR:process_memory_win.cc(73)] ReadMemory at 0x23c6a3621c0 of 1012 bytes failed: Only part of a ReadProcessMemory or WriteProcessMemory request was completed. (0x12B)
[0222/202955.767:ERROR:process_memory_win.cc(73)] ReadMemory at 0x23c6a362808 of 118 bytes failed: Only part of a ReadProcessMemory or WriteProcessMemory request was completed. (0x12B)
[0222/202955.767:ERROR:process_memory_win.cc(73)] ReadMemory at 0x23c6a362880 of 866 bytes failed: Only part of a ReadProcessMemory or WriteProcessMemory request was completed. (0x12B)
[0222/202955.767:ERROR:process_memory_win.cc(73)] ReadMemory at 0x23c6a362be4 of 118 bytes failed: Only part of a ReadProcessMemory or WriteProcessMemory request was completed. (0x12B)
[0222/202955.767:ERROR:process_memory_win.cc(73)] ReadMemory at 0x23c6a362c5c of 96 bytes failed: Only part of a ReadProcessMemory or WriteProcessMemory request was completed. (0x12B)
[0222/202955.767:ERROR:process_memory_win.cc(73)] ReadMemory at 0x23c6a362cd0 of 58 bytes failed: Only part of a ReadProcessMemory or WriteProcessMemory request was completed. (0x12B)
[0222/202955.767:ERROR:process_memory_win.cc(73)] ReadMemory at 0x23c6a362dd0 of 132 bytes failed: Only part of a ReadProcessMemory or WriteProcessMemory request was completed. (0x12B)
[0222/202955.767:ERROR:process_memory_win.cc(73)] ReadMemory at 0x23c6a362f60 of 132 bytes failed: Only part of a ReadProcessMemory or WriteProcessMemory request was completed. (0x12B)
[0222/202955.767:ERROR:process_memory_win.cc(73)] ReadMemory at 0x23c6a363120 of 124 bytes failed: Only part of a ReadProcessMemory or WriteProcessMemory request was completed. (0x12B)
[0222/202955.767:ERROR:process_memory_win.cc(73)] ReadMemory at 0x23c6a363500 of 132 bytes failed: Only part of a ReadProcessMemory or WriteProcessMemory request was completed. (0x12B)
[0222/202955.767:ERROR:process_memory_win.cc(73)] ReadMemory at 0x23c6a363690 of 64 bytes failed: Only part of a ReadProcessMemory or WriteProcessMemory request was completed. (0x12B)
[0222/202955.767:ERROR:process_memory_win.cc(73)] ReadMemory at 0x23c6a3636e0 of 132 bytes failed: Only part of a ReadProcessMemory or WriteProcessMemory request was completed. (0x12B)
[0222/202955.767:ERROR:process_memory_win.cc(73)] ReadMemory at 0x23c6a363850 of 132 bytes failed: Only part of a ReadProcessMemory or WriteProcessMemory request was completed. (0x12B)
[0222/202955.768:ERROR:process_memory_win.cc(73)] ReadMemory at 0x23c6a363af0 of 132 bytes failed: Only part of a ReadProcessMemory or WriteProcessMemory request was completed. (0x12B)
[0222/202955.768:ERROR:process_memory_win.cc(73)] ReadMemory at 0x23c6a363c80 of 68 bytes failed: Only part of a ReadProcessMemory or WriteProcessMemory request was completed. (0x12B)
[0222/202955.768:ERROR:process_memory_win.cc(73)] ReadMemory at 0x23c6a364ca0 of 156 bytes failed: Only part of a ReadProcessMemory or WriteProcessMemory request was completed. (0x12B)
[0222/202955.768:ERROR:process_memory_win.cc(73)] ReadMemory at 0x23c6a364d80 of 132 bytes failed: Only part of a ReadProcessMemory or WriteProcessMemory request was completed. (0x12B)
[0222/202955.768:ERROR:process_memory_win.cc(73)] ReadMemory at 0x23c6a364f10 of 152 bytes failed: Only part of a ReadProcessMemory or WriteProcessMemory request was completed. (0x12B)
[0222/202955.768:ERROR:process_memory_win.cc(73)] ReadMemory at 0x23c6a365cba of 512 bytes failed: Only part of a ReadProcessMemory or WriteProcessMemory request was completed. (0x12B)
[0222/202955.768:ERROR:process_memory_win.cc(73)] ReadMemory at 0x23c6a366b40 of 62 bytes failed: Only part of a ReadProcessMemory or WriteProcessMemory request was completed. (0x12B)
[0222/202955.768:ERROR:process_memory_win.cc(73)] ReadMemory at 0x23c6a366d30 of 132 bytes failed: Only part of a ReadProcessMemory or WriteProcessMemory request was completed. (0x12B)
[0222/202955.768:ERROR:process_memory_win.cc(73)] ReadMemory at 0x23c6a366e60 of 60 bytes failed: Only part of a ReadProcessMemory or WriteProcessMemory request was completed. (0x12B)
[0222/202955.768:ERROR:process_memory_win.cc(73)] ReadMemory at 0x23c6a369e20 of 132 bytes failed: Only part of a ReadProcessMemory or WriteProcessMemory request was completed. (0x12B)
[0222/202955.768:ERROR:process_memory_win.cc(73)] ReadMemory at 0x23c6a369f50 of 132 bytes failed: Only part of a ReadProcessMemory or WriteProcessMemory request was completed. (0x12B)
[0222/202955.768:ERROR:process_memory_win.cc(73)] ReadMemory at 0x23c6a36a0e0 of 80 bytes failed: Only part of a ReadProcessMemory or WriteProcessMemory request was completed. (0x12B)
[0222/202955.768:ERROR:process_memory_win.cc(73)] ReadMemory at 0x23c6a36a4b0 of 66 bytes failed: Only part of a ReadProcessMemory or WriteProcessMemory request was completed. (0x12B)
[0222/202955.768:ERROR:process_memory_win.cc(73)] ReadMemory at 0x23c6a36a500 of 62 bytes failed: Only part of a ReadProcessMemory or WriteProcessMemory request was completed. (0x12B)
[0222/202955.768:ERROR:process_memory_win.cc(73)] ReadMemory at 0x23c6a36a640 of 64 bytes failed: Only part of a ReadProcessMemory or WriteProcessMemory request was completed. (0x12B)
[0222/202955.769:ERROR:process_memory_win.cc(73)] ReadMemory at 0x23c6a36a690 of 64 bytes failed: Only part of a ReadProcessMemory or WriteProcessMemory request was completed. (0x12B)
[0222/202955.769:ERROR:process_memory_win.cc(73)] ReadMemory at 0x23c6a36a6e0 of 64 bytes failed: Only part of a ReadProcessMemory or WriteProcessMemory request was completed. (0x12B)
[0222/202955.769:ERROR:process_memory_win.cc(73)] ReadMemory at 0x23c6a36a730 of 62 bytes failed: Only part of a ReadProcessMemory or WriteProcessMemory request was completed. (0x12B)
[0222/202955.769:ERROR:process_memory_win.cc(73)] ReadMemory at 0x23c6a36a780 of 60 bytes failed: Only part of a ReadProcessMemory or WriteProcessMemory request was completed. (0x12B)
[0222/202955.769:ERROR:process_memory_win.cc(73)] ReadMemory at 0x23c6a36a7d0 of 60 bytes failed: Only part of a ReadProcessMemory or WriteProcessMemory request was completed. (0x12B)
[0222/202955.769:ERROR:process_memory_win.cc(73)] ReadMemory at 0x23c6a36a8c0 of 64 bytes failed: Only part of a ReadProcessMemory or WriteProcessMemory request was completed. (0x12B)
[0222/202955.769:ERROR:process_memory_win.cc(73)] ReadMemory at 0x23c6a36ae90 of 132 bytes failed: Only part of a ReadProcessMemory or WriteProcessMemory request was completed. (0x12B)
[0222/202955.769:ERROR:process_memory_win.cc(73)] ReadMemory at 0x23c6a36afc0 of 132 bytes failed: Only part of a ReadProcessMemory or WriteProcessMemory request was completed. (0x12B)
[0222/202955.769:ERROR:process_memory_win.cc(73)] ReadMemory at 0x23c6a36b0f0 of 132 bytes failed: Only part of a ReadProcessMemory or WriteProcessMemory request was completed. (0x12B)
[0222/202955.769:ERROR:process_memory_win.cc(73)] ReadMemory at 0x23c6a36b220 of 132 bytes failed: Only part of a ReadProcessMemory or WriteProcessMemory request was completed. (0x12B)
[0222/202955.769:ERROR:process_memory_win.cc(73)] ReadMemory at 0x23c6a36b350 of 132 bytes failed: Only part of a ReadProcessMemory or WriteProcessMemory request was completed. (0x12B)
[0222/202955.769:ERROR:process_memory_win.cc(73)] ReadMemory at 0x23c6a36b480 of 132 bytes failed: Only part of a ReadProcessMemory or WriteProcessMemory request was completed. (0x12B)
[0222/202955.769:ERROR:process_memory_win.cc(73)] ReadMemory at 0x23c6a36b5b0 of 132 bytes failed: Only part of a ReadProcessMemory or WriteProcessMemory request was completed. (0x12B)
[0222/202955.770:ERROR:process_memory_win.cc(73)] ReadMemory at 0x23c6a36b6e0 of 132 bytes failed: Only part of a ReadProcessMemory or WriteProcessMemory request was completed. (0x12B)
[0222/202955.770:ERROR:process_memory_win.cc(73)] ReadMemory at 0x23c6a36b810 of 132 bytes failed: Only part of a ReadProcessMemory or WriteProcessMemory request was completed. (0x12B)
[0222/202955.770:ERROR:process_memory_win.cc(73)] ReadMemory at 0x23c6a36b940 of 132 bytes failed: Only part of a ReadProcessMemory or WriteProcessMemory request was completed. (0x12B)
[0222/202955.770:ERROR:process_memory_win.cc(73)] ReadMemory at 0x23c6a36bba0 of 132 bytes failed: Only part of a ReadProcessMemory or WriteProcessMemory request was completed. (0x12B)
[0222/202955.770:ERROR:process_memory_win.cc(73)] ReadMemory at 0x23c6a36bcd0 of 132 bytes failed: Only part of a ReadProcessMemory or WriteProcessMemory request was completed. (0x12B)
[0222/202955.770:ERROR:process_memory_win.cc(73)] ReadMemory at 0x23c6a36cb60 of 76 bytes failed: Only part of a ReadProcessMemory or WriteProcessMemory request was completed. (0x12B)
[0222/202955.770:ERROR:process_memory_win.cc(73)] ReadMemory at 0x23c6a36d7b0 of 132 bytes failed: Only part of a ReadProcessMemory or WriteProcessMemory request was completed. (0x12B)
[0222/202955.770:ERROR:process_memory_win.cc(73)] ReadMemory at 0x23c6a36e230 of 132 bytes failed: Only part of a ReadProcessMemory or WriteProcessMemory request was completed. (0x12B)
[0222/202955.770:ERROR:process_memory_win.cc(73)] ReadMemory at 0x23c6a36e360 of 132 bytes failed: Only part of a ReadProcessMemory or WriteProcessMemory request was completed. (0x12B)
[0222/202955.770:ERROR:process_memory_win.cc(73)] ReadMemory at 0x23c6a36f2e0 of 54 bytes failed: Only part of a ReadProcessMemory or WriteProcessMemory request was completed. (0x12B)
[0222/202955.770:ERROR:process_memory_win.cc(73)] ReadMemory at 0x23c6a371840 of 132 bytes failed: Only part of a ReadProcessMemory or WriteProcessMemory request was completed. (0x12B)
[0222/202955.770:ERROR:process_memory_win.cc(73)] ReadMemory at 0x23c6a371a50 of 132 bytes failed: Only part of a ReadProcessMemory or WriteProcessMemory request was completed. (0x12B)
[0222/202955.770:ERROR:process_memory_win.cc(73)] ReadMemory at 0x23c6a371d30 of 132 bytes failed: Only part of a ReadProcessMemory or WriteProcessMemory request was completed. (0x12B)
[0222/202955.770:ERROR:process_memory_win.cc(73)] ReadMemory at 0x23c6a374340 of 132 bytes failed: Only part of a ReadProcessMemory or WriteProcessMemory request was completed. (0x12B)
[0222/202955.770:ERROR:process_memory_win.cc(73)] ReadMemory at 0x23c6a374960 of 64 bytes failed: Only part of a ReadProcessMemory or WriteProcessMemory request was completed. (0x12B)
[0222/202955.770:ERROR:process_memory_win.cc(73)] ReadMemory at 0x23c6a374aa0 of 62 bytes failed: Only part of a ReadProcessMemory or WriteProcessMemory request was completed. (0x12B)
[0222/202955.771:ERROR:process_memory_win.cc(73)] ReadMemory at 0x23c6a374b40 of 66 bytes failed: Only part of a ReadProcessMemory or WriteProcessMemory request was completed. (0x12B)
[0222/202955.771:ERROR:process_memory_win.cc(73)] ReadMemory at 0x23c6a374b90 of 60 bytes failed: Only part of a ReadProcessMemory or WriteProcessMemory request was completed. (0x12B)
[0222/202955.771:ERROR:process_memory_win.cc(73)] ReadMemory at 0x23c6a374be0 of 62 bytes failed: Only part of a ReadProcessMemory or WriteProcessMemory request was completed. (0x12B)
[0222/202955.771:ERROR:process_memory_win.cc(73)] ReadMemory at 0x23c6a374c30 of 60 bytes failed: Only part of a ReadProcessMemory or WriteProcessMemory request was completed. (0x12B)
[0222/202955.771:ERROR:process_memory_win.cc(73)] ReadMemory at 0x23c6a374c80 of 62 bytes failed: Only part of a ReadProcessMemory or WriteProcessMemory request was completed. (0x12B)
[0222/202955.771:ERROR:process_memory_win.cc(73)] ReadMemory at 0x23c6a374dc0 of 64 bytes failed: Only part of a ReadProcessMemory or WriteProcessMemory request was completed. (0x12B)
[0222/202955.771:ERROR:process_memory_win.cc(73)] ReadMemory at 0x23c6a374e10 of 58 bytes failed: Only part of a ReadProcessMemory or WriteProcessMemory request was completed. (0x12B)
[0222/202955.771:ERROR:process_memory_win.cc(73)] ReadMemory at 0x23c6a374f50 of 62 bytes failed: Only part of a ReadProcessMemory or WriteProcessMemory request was completed. (0x12B)
[0222/202955.771:ERROR:process_memory_win.cc(73)] ReadMemory at 0x23c6a374fa0 of 62 bytes failed: Only part of a ReadProcessMemory or WriteProcessMemory request was completed. (0x12B)
[0222/202955.771:ERROR:process_memory_win.cc(73)] ReadMemory at 0x23c6a374ff0 of 64 bytes failed: Only part of a ReadProcessMemory or WriteProcessMemory request was completed. (0x12B)
[0222/202955.771:ERROR:process_memory_win.cc(73)] ReadMemory at 0x23c6a375090 of 60 bytes failed: Only part of a ReadProcessMemory or WriteProcessMemory request was completed. (0x12B)
[0222/202955.771:ERROR:process_memory_win.cc(73)] ReadMemory at 0x23c6a375180 of 64 bytes failed: Only part of a ReadProcessMemory or WriteProcessMemory request was completed. (0x12B)
[0222/202955.771:ERROR:process_memory_win.cc(73)] ReadMemory at 0x23c6a375540 of 62 bytes failed: Only part of a ReadProcessMemory or WriteProcessMemory request was completed. (0x12B)
[0222/202955.771:ERROR:process_memory_win.cc(73)] ReadMemory at 0x23c6a375590 of 62 bytes failed: Only part of a ReadProcessMemory or WriteProcessMemory request was completed. (0x12B)
[0222/202955.771:ERROR:process_memory_win.cc(73)] ReadMemory at 0x23c6a3755e0 of 60 bytes failed: Only part of a ReadProcessMemory or WriteProcessMemory request was completed. (0x12B)
[0222/202955.771:ERROR:process_memory_win.cc(73)] ReadMemory at 0x23c6a375630 of 62 bytes failed: Only part of a ReadProcessMemory or WriteProcessMemory request was completed. (0x12B)
[0222/202955.772:ERROR:process_memory_win.cc(73)] ReadMemory at 0x23c6a375eb0 of 512 bytes failed: Only part of a ReadProcessMemory or WriteProcessMemory request was completed. (0x12B)
[0222/202955.772:ERROR:process_memory_win.cc(73)] ReadMemory at 0x23c6a377c60 of 132 bytes failed: Only part of a ReadProcessMemory or WriteProcessMemory request was completed. (0x12B)
[0222/202955.772:ERROR:process_memory_win.cc(73)] ReadMemory at 0x23c6a377ff0 of 132 bytes failed: Only part of a ReadProcessMemory or WriteProcessMemory request was completed. (0x12B)
[0222/202955.772:ERROR:process_memory_win.cc(73)] ReadMemory at 0x23c6a378120 of 132 bytes failed: Only part of a ReadProcessMemory or WriteProcessMemory request was completed. (0x12B)
[0222/202955.772:ERROR:process_memory_win.cc(73)] ReadMemory at 0x23c6a378250 of 132 bytes failed: Only part of a ReadProcessMemory or WriteProcessMemory request was completed. (0x12B)
[0222/202955.772:ERROR:process_memory_win.cc(73)] ReadMemory at 0x23c6a378380 of 132 bytes failed: Only part of a ReadProcessMemory or WriteProcessMemory request was completed. (0x12B)
[0222/202955.772:ERROR:process_memory_win.cc(73)] ReadMemory at 0x23c6a378710 of 132 bytes failed: Only part of a ReadProcessMemory or WriteProcessMemory request was completed. (0x12B)
[0222/202955.772:ERROR:process_memory_win.cc(73)] ReadMemory at 0x23c6a378840 of 132 bytes failed: Only part of a ReadProcessMemory or WriteProcessMemory request was completed. (0x12B)
[0222/202955.772:ERROR:process_memory_win.cc(73)] ReadMemory at 0x23c6a378970 of 132 bytes failed: Only part of a ReadProcessMemory or WriteProcessMemory request was completed. (0x12B)
[0222/202955.772:ERROR:process_memory_win.cc(73)] ReadMemory at 0x23c6a378d00 of 132 bytes failed: Only part of a ReadProcessMemory or WriteProcessMemory request was completed. (0x12B)
[0222/202955.772:ERROR:process_memory_win.cc(73)] ReadMemory at 0x23c6a378e90 of 512 bytes failed: Only part of a ReadProcessMemory or WriteProcessMemory request was completed. (0x12B)
[0222/202955.772:ERROR:process_memory_win.cc(73)] ReadMemory at 0x23c6a570010 of 512 bytes failed: Only part of a ReadProcessMemory or WriteProcessMemory request was completed. (0x12B)
[0222/202955.772:ERROR:process_memory_win.cc(73)] ReadMemory at 0x23c6a572ec0 of 512 bytes failed: Only part of a ReadProcessMemory or WriteProcessMemory request was completed. (0x12B)
[0222/202955.772:ERROR:process_memory_win.cc(73)] ReadMemory at 0x23c6a5cc1f0 of 512 bytes failed: Only part of a ReadProcessMemory or WriteProcessMemory request was completed. (0x12B)
[0222/202955.772:ERROR:process_memory_win.cc(73)] ReadMemory at 0x23c6a5e61e0 of 512 bytes failed: Only part of a ReadProcessMemory or WriteProcessMemory request was completed. (0x12B)
[0222/202955.772:ERROR:process_memory_win.cc(73)] ReadMemory at 0x23c6a5e6840 of 512 bytes failed: Only part of a ReadProcessMemory or WriteProcessMemory request was completed. (0x12B)
[0222/202955.772:ERROR:process_memory_win.cc(73)] ReadMemory at 0x23c6a5eada0 of 512 bytes failed: Only part of a ReadProcessMemory or WriteProcessMemory request was completed. (0x12B)
[0222/202955.773:ERROR:process_memory_win.cc(73)] ReadMemory at 0x23c6a5f1620 of 512 bytes failed: Only part of a ReadProcessMemory or WriteProcessMemory request was completed. (0x12B)
[0222/202955.773:ERROR:process_memory_win.cc(73)] ReadMemory at 0x23c6a5f2381 of 512 bytes failed: Only part of a ReadProcessMemory or WriteProcessMemory request was completed. (0x12B)
[0222/202955.773:ERROR:process_memory_win.cc(73)] ReadMemory at 0x23c6a5f85d0 of 512 bytes failed: Only part of a ReadProcessMemory or WriteProcessMemory request was completed. (0x12B)
[0222/202955.773:ERROR:process_memory_win.cc(73)] ReadMemory at 0x23c6a613c20 of 712 bytes failed: Only part of a ReadProcessMemory or WriteProcessMemory request was completed. (0x12B)
[0222/202955.773:ERROR:process_memory_win.cc(73)] ReadMemory at 0x23c6a632460 of 512 bytes failed: Only part of a ReadProcessMemory or WriteProcessMemory request was completed. (0x12B)
[0222/202955.773:ERROR:process_memory_win.cc(73)] ReadMemory at 0x23c6a8900d0 of 888 bytes failed: Only part of a ReadProcessMemory or WriteProcessMemory request was completed. (0x12B)
[0222/202955.773:ERROR:process_memory_win.cc(73)] ReadMemory at 0x23c6c57b678 of 512 bytes failed: Only part of a ReadProcessMemory or WriteProcessMemory request was completed. (0x12B)
[0222/202955.773:ERROR:process_memory_win.cc(73)] ReadMemory at 0x23c6c57c098 of 512 bytes failed: Only part of a ReadProcessMemory or WriteProcessMemory request was completed. (0x12B)
[0222/202955.773:ERROR:process_memory_win.cc(73)] ReadMemory at 0x23c6c57c878 of 800 bytes failed: Only part of a ReadProcessMemory or WriteProcessMemory request was completed. (0x12B)
[0222/202955.773:ERROR:process_memory_win.cc(73)] ReadMemory at 0x23c6c57d568 of 512 bytes failed: Only part of a ReadProcessMemory or WriteProcessMemory request was completed. (0x12B)
[0222/202955.773:ERROR:process_memory_win.cc(73)] ReadMemory at 0x23c6c5b82c0 of 512 bytes failed: Only part of a ReadProcessMemory or WriteProcessMemory request was completed. (0x12B)
[0222/202955.773:ERROR:process_memory_win.cc(73)] ReadMemory at 0x23c6c5ffc88 of 512 bytes failed: Only part of a ReadProcessMemory or WriteProcessMemory request was completed. (0x12B)
[0222/202955.773:ERROR:process_memory_win.cc(73)] ReadMemory at 0x23c6c60ae10 of 512 bytes failed: Only part of a ReadProcessMemory or WriteProcessMemory request was completed. (0x12B)
[0222/202955.773:ERROR:process_memory_win.cc(73)] ReadMemory at 0x7ff9d25aeeac of 512 bytes failed: Only part of a ReadProcessMemory or WriteProcessMemory request was completed. (0x12B)
[0222/202955.773:ERROR:process_memory_win.cc(73)] ReadMemory at 0x7ff9d2d1e7b8 of 553 bytes failed: Only part of a ReadProcessMemory or WriteProcessMemory request was completed. (0x12B)
[0222/202955.774:ERROR:process_memory_win.cc(73)] ReadMemory at 0x7ffa1b3cb6d0 of 512 bytes failed: Only part of a ReadProcessMemory or WriteProcessMemory request was completed. (0x12B)
[0222/202955.774:ERROR:process_memory_win.cc(73)] ReadMemory at 0x7ffa1e0bfb91 of 512 bytes failed: Only part of a ReadProcessMemory or WriteProcessMemory request was completed. (0x12B)
[0222/202955.774:ERROR:process_memory_win.cc(73)] ReadMemory at 0x7ffa1e11c0c4 of 672 bytes failed: Only part of a ReadProcessMemory or WriteProcessMemory request was completed. (0x12B)
[0222/202955.774:ERROR:process_memory_win.cc(73)] ReadMemory at 0x7ffa1e11c6c4 of 512 bytes failed: Only part of a ReadProcessMemory or WriteProcessMemory request was completed. (0x12B)
[0222/202955.774:ERROR:process_memory_win.cc(73)] ReadMemory at 0x7ffa1e11f974 of 608 bytes failed: Only part of a ReadProcessMemory or WriteProcessMemory request was completed. (0x12B)
[0222/202955.774:ERROR:process_memory_win.cc(73)] ReadMemory at 0x7ffa1e1ac428 of 18 bytes failed: Only part of a ReadProcessMemory or WriteProcessMemory request was completed. (0x12B)
[0222/202955.774:ERROR:process_memory_win.cc(73)] ReadMemory at 0x7ffa1e1df4f8 of 40 bytes failed: Only part of a ReadProcessMemory or WriteProcessMemory request was completed. (0x12B)
[0222/202955.774:ERROR:process_memory_win.cc(73)] ReadMemory at 0x7ffa1e1df978 of 48 bytes failed: Only part of a ReadProcessMemory or WriteProcessMemory request was completed. (0x12B)
[0222/202955.774:ERROR:process_memory_win.cc(73)] ReadMemory at 0x7ffa1e1e53c0 of 64 bytes failed: Only part of a ReadProcessMemory or WriteProcessMemory request was completed. (0x12B)
[0222/202955.778:ERROR:scoped_process_suspend.cc(40)] NtResumeProcess: An attempt was made to access an exiting process. (0xc000010a)
